#! /c/Source/iverilog-install/bin/vvp
:ivl_version "12.0 (devel)" "(s20150603-1539-g2693dd32b)";
:ivl_delay_selection "TYPICAL";
:vpi_time_precision + 0;
:vpi_module "C:\iverilog\lib\ivl\system.vpi";
:vpi_module "C:\iverilog\lib\ivl\vhdl_sys.vpi";
:vpi_module "C:\iverilog\lib\ivl\vhdl_textio.vpi";
:vpi_module "C:\iverilog\lib\ivl\v2005_math.vpi";
:vpi_module "C:\iverilog\lib\ivl\va_math.vpi";
S_000001f0d37e27f0 .scope module, "MuxAluSrcB" "MuxAluSrcB" 2 1;
 .timescale 0 0;
    .port_info 0 /INPUT 32 "RegBOut";
    .port_info 1 /INPUT 32 "ExtendedOffset";
    .port_info 2 /INPUT 32 "RegMDROut";
    .port_info 3 /INPUT 32 "ExtendedOffsetLeft2";
    .port_info 4 /INPUT 3 "AluSrcB";
    .port_info 5 /OUTPUT 32 "MuxAluSrcBOut";
P_000001f0d37e2980 .param/l "Ent0" 0 2 14, C4<000>;
P_000001f0d37e29b8 .param/l "Ent1" 0 2 15, C4<001>;
P_000001f0d37e29f0 .param/l "Ent2" 0 2 16, C4<010>;
P_000001f0d37e2a28 .param/l "Ent3" 0 2 17, C4<011>;
P_000001f0d37e2a60 .param/l "Ent4" 0 2 18, C4<100>;
o000001f0d3816fb8 .functor BUFZ 3, C4<zzz>; HiZ drive
v000001f0d37e2ed0_0 .net "AluSrcB", 2 0, o000001f0d3816fb8;  0 drivers
o000001f0d3816fe8 .functor BUFZ 32, C4<zzzzzzzzzzzzzzzzzzzzzzzzzzzzzzzz>; HiZ drive
v000001f0d37e2aa0_0 .net "ExtendedOffset", 31 0, o000001f0d3816fe8;  0 drivers
o000001f0d3817018 .functor BUFZ 32, C4<zzzzzzzzzzzzzzzzzzzzzzzzzzzzzzzz>; HiZ drive
v000001f0d363b9f0_0 .net "ExtendedOffsetLeft2", 31 0, o000001f0d3817018;  0 drivers
v000001f0d363ba90_0 .var "MuxAluSrcBOut", 31 0;
o000001f0d3817078 .functor BUFZ 32, C4<zzzzzzzzzzzzzzzzzzzzzzzzzzzzzzzz>; HiZ drive
v000001f0d363bb30_0 .net "RegBOut", 31 0, o000001f0d3817078;  0 drivers
o000001f0d38170a8 .functor BUFZ 32, C4<zzzzzzzzzzzzzzzzzzzzzzzzzzzzzzzz>; HiZ drive
v000001f0d363bbd0_0 .net "RegMDROut", 31 0, o000001f0d38170a8;  0 drivers
E_000001f0d3816270/0 .event anyedge, v000001f0d37e2ed0_0, v000001f0d363bb30_0, v000001f0d37e2aa0_0, v000001f0d363bbd0_0;
E_000001f0d3816270/1 .event anyedge, v000001f0d363b9f0_0;
E_000001f0d3816270 .event/or E_000001f0d3816270/0, E_000001f0d3816270/1;
    .scope S_000001f0d37e27f0;
T_0 ;
    %wait E_000001f0d3816270;
    %load/vec4 v000001f0d37e2ed0_0;
    %dup/vec4;
    %pushi/vec4 0, 0, 3;
    %cmp/u;
    %jmp/1 T_0.0, 6;
    %dup/vec4;
    %pushi/vec4 1, 0, 3;
    %cmp/u;
    %jmp/1 T_0.1, 6;
    %dup/vec4;
    %pushi/vec4 2, 0, 3;
    %cmp/u;
    %jmp/1 T_0.2, 6;
    %dup/vec4;
    %pushi/vec4 3, 0, 3;
    %cmp/u;
    %jmp/1 T_0.3, 6;
    %dup/vec4;
    %pushi/vec4 4, 0, 3;
    %cmp/u;
    %jmp/1 T_0.4, 6;
    %jmp T_0.5;
T_0.0 ;
    %load/vec4 v000001f0d363bb30_0;
    %assign/vec4 v000001f0d363ba90_0, 0;
    %jmp T_0.5;
T_0.1 ;
    %pushi/vec4 4, 0, 32;
    %assign/vec4 v000001f0d363ba90_0, 0;
    %jmp T_0.5;
T_0.2 ;
    %load/vec4 v000001f0d37e2aa0_0;
    %assign/vec4 v000001f0d363ba90_0, 0;
    %jmp T_0.5;
T_0.3 ;
    %load/vec4 v000001f0d363bbd0_0;
    %assign/vec4 v000001f0d363ba90_0, 0;
    %jmp T_0.5;
T_0.4 ;
    %load/vec4 v000001f0d363b9f0_0;
    %assign/vec4 v000001f0d363ba90_0, 0;
    %jmp T_0.5;
T_0.5 ;
    %pop/vec4 1;
    %jmp T_0;
    .thread T_0, $push;
# The file index is used to find the file name in the following table.
:file_names 3;
    "N/A";
    "<interactive>";
    "MuxALUSrcB.v";
