#! /c/Source/iverilog-install/bin/vvp
:ivl_version "12.0 (devel)" "(s20150603-1539-g2693dd32b)";
:ivl_delay_selection "TYPICAL";
:vpi_time_precision + 0;
:vpi_module "C:\iverilog\lib\ivl\system.vpi";
:vpi_module "C:\iverilog\lib\ivl\vhdl_sys.vpi";
:vpi_module "C:\iverilog\lib\ivl\vhdl_textio.vpi";
:vpi_module "C:\iverilog\lib\ivl\v2005_math.vpi";
:vpi_module "C:\iverilog\lib\ivl\va_math.vpi";
S_0000022794f36e30 .scope module, "MuxExcp" "MuxExcp" 2 1;
 .timescale 0 0;
    .port_info 0 /INPUT 2 "ExcpCtrl";
    .port_info 1 /OUTPUT 32 "MuxExpCtrlOut";
P_0000022794f026e0 .param/l "Ent0" 0 2 9, +C4<00000000000000000000000000000000>;
P_0000022794f02718 .param/l "Ent1" 0 2 10, +C4<00000000000000000000000000000001>;
P_0000022794f02750 .param/l "Ent2" 0 2 11, +C4<00000000000000000000000000000010>;
o0000022794f36fd8 .functor BUFZ 2, C4<zz>; HiZ drive
v0000022794f02790_0 .net "ExcpCtrl", 1 0, o0000022794f36fd8;  0 drivers
v0000022794f02830_0 .var "MuxExpCtrlOut", 31 0;
E_0000022795098d40 .event anyedge, v0000022794f02790_0;
    .scope S_0000022794f36e30;
T_0 ;
    %wait E_0000022795098d40;
    %load/vec4 v0000022794f02790_0;
    %dup/vec4;
    %pushi/vec4 0, 0, 2;
    %cmp/u;
    %jmp/1 T_0.0, 6;
    %dup/vec4;
    %pushi/vec4 1, 0, 2;
    %cmp/u;
    %jmp/1 T_0.1, 6;
    %dup/vec4;
    %pushi/vec4 2, 0, 2;
    %cmp/u;
    %jmp/1 T_0.2, 6;
    %jmp T_0.3;
T_0.0 ;
    %pushi/vec4 253, 0, 32;
    %assign/vec4 v0000022794f02830_0, 0;
    %jmp T_0.3;
T_0.1 ;
    %pushi/vec4 254, 0, 32;
    %assign/vec4 v0000022794f02830_0, 0;
    %jmp T_0.3;
T_0.2 ;
    %pushi/vec4 255, 0, 32;
    %assign/vec4 v0000022794f02830_0, 0;
    %jmp T_0.3;
T_0.3 ;
    %pop/vec4 1;
    %jmp T_0;
    .thread T_0, $push;
# The file index is used to find the file name in the following table.
:file_names 3;
    "N/A";
    "<interactive>";
    "MuxExcp.v";
