#! /c/Source/iverilog-install/bin/vvp
:ivl_version "12.0 (devel)" "(s20150603-1539-g2693dd32b)";
:ivl_delay_selection "TYPICAL";
:vpi_time_precision + 0;
:vpi_module "C:\iverilog\lib\ivl\system.vpi";
:vpi_module "C:\iverilog\lib\ivl\vhdl_sys.vpi";
:vpi_module "C:\iverilog\lib\ivl\vhdl_textio.vpi";
:vpi_module "C:\iverilog\lib\ivl\v2005_math.vpi";
:vpi_module "C:\iverilog\lib\ivl\va_math.vpi";
S_0000017f50da27f0 .scope module, "MuxIorD" "MuxIorD" 2 1;
 .timescale 0 0;
    .port_info 0 /INPUT 32 "RegPCOut";
    .port_info 1 /INPUT 32 "MuxExcepCtrlOut";
    .port_info 2 /INPUT 32 "AluResult";
    .port_info 3 /INPUT 32 "RegAluOutOut";
    .port_info 4 /INPUT 32 "RegAOut";
    .port_info 5 /INPUT 3 "IorD";
    .port_info 6 /OUTPUT 32 "MuxIorDOut";
P_0000017f50da2980 .param/l "Ent0" 0 2 14, +C4<00000000000000000000000000000000>;
P_0000017f50da29b8 .param/l "Ent1" 0 2 15, +C4<00000000000000000000000000000001>;
P_0000017f50da29f0 .param/l "Ent2" 0 2 16, +C4<00000000000000000000000000000010>;
P_0000017f50da2a28 .param/l "Ent3" 0 2 17, +C4<00000000000000000000000000000011>;
P_0000017f50da2a60 .param/l "Ent4" 0 2 18, +C4<00000000000000000000000000000100>;
o0000017f50dd6fa8 .functor BUFZ 32, C4<zzzzzzzzzzzzzzzzzzzzzzzzzzzzzzzz>; HiZ drive
v0000017f50da2ed0_0 .net "AluResult", 31 0, o0000017f50dd6fa8;  0 drivers
o0000017f50dd6fd8 .functor BUFZ 3, C4<zzz>; HiZ drive
v0000017f50da2aa0_0 .net "IorD", 2 0, o0000017f50dd6fd8;  0 drivers
o0000017f50dd7008 .functor BUFZ 32, C4<zzzzzzzzzzzzzzzzzzzzzzzzzzzzzzzz>; HiZ drive
v0000017f50b7b960_0 .net "MuxExcepCtrlOut", 31 0, o0000017f50dd7008;  0 drivers
v0000017f50b7ba00_0 .var "MuxIorDOut", 31 0;
o0000017f50dd7068 .functor BUFZ 32, C4<zzzzzzzzzzzzzzzzzzzzzzzzzzzzzzzz>; HiZ drive
v0000017f50b7baa0_0 .net "RegAOut", 31 0, o0000017f50dd7068;  0 drivers
o0000017f50dd7098 .functor BUFZ 32, C4<zzzzzzzzzzzzzzzzzzzzzzzzzzzzzzzz>; HiZ drive
v0000017f50b7bb40_0 .net "RegAluOutOut", 31 0, o0000017f50dd7098;  0 drivers
o0000017f50dd70c8 .functor BUFZ 32, C4<zzzzzzzzzzzzzzzzzzzzzzzzzzzzzzzz>; HiZ drive
v0000017f50b7bbe0_0 .net "RegPCOut", 31 0, o0000017f50dd70c8;  0 drivers
E_0000017f50dd5ef0/0 .event anyedge, v0000017f50da2aa0_0, v0000017f50b7bbe0_0, v0000017f50b7b960_0, v0000017f50da2ed0_0;
E_0000017f50dd5ef0/1 .event anyedge, v0000017f50b7bb40_0, v0000017f50b7baa0_0;
E_0000017f50dd5ef0 .event/or E_0000017f50dd5ef0/0, E_0000017f50dd5ef0/1;
    .scope S_0000017f50da27f0;
T_0 ;
    %wait E_0000017f50dd5ef0;
    %load/vec4 v0000017f50da2aa0_0;
    %dup/vec4;
    %pushi/vec4 0, 0, 3;
    %cmp/u;
    %jmp/1 T_0.0, 6;
    %dup/vec4;
    %pushi/vec4 1, 0, 3;
    %cmp/u;
    %jmp/1 T_0.1, 6;
    %dup/vec4;
    %pushi/vec4 2, 0, 3;
    %cmp/u;
    %jmp/1 T_0.2, 6;
    %dup/vec4;
    %pushi/vec4 3, 0, 3;
    %cmp/u;
    %jmp/1 T_0.3, 6;
    %dup/vec4;
    %pushi/vec4 4, 0, 3;
    %cmp/u;
    %jmp/1 T_0.4, 6;
    %jmp T_0.5;
T_0.0 ;
    %load/vec4 v0000017f50b7bbe0_0;
    %assign/vec4 v0000017f50b7ba00_0, 0;
    %jmp T_0.5;
T_0.1 ;
    %load/vec4 v0000017f50b7b960_0;
    %assign/vec4 v0000017f50b7ba00_0, 0;
    %jmp T_0.5;
T_0.2 ;
    %load/vec4 v0000017f50da2ed0_0;
    %assign/vec4 v0000017f50b7ba00_0, 0;
    %jmp T_0.5;
T_0.3 ;
    %load/vec4 v0000017f50b7bb40_0;
    %assign/vec4 v0000017f50b7ba00_0, 0;
    %jmp T_0.5;
T_0.4 ;
    %load/vec4 v0000017f50b7baa0_0;
    %assign/vec4 v0000017f50b7ba00_0, 0;
    %jmp T_0.5;
T_0.5 ;
    %pop/vec4 1;
    %jmp T_0;
    .thread T_0, $push;
# The file index is used to find the file name in the following table.
:file_names 3;
    "N/A";
    "<interactive>";
    "MuxIorD.v";
