#! /c/Source/iverilog-install/bin/vvp
:ivl_version "12.0 (devel)" "(s20150603-1539-g2693dd32b)";
:ivl_delay_selection "TYPICAL";
:vpi_time_precision + 0;
:vpi_module "C:\iverilog\lib\ivl\system.vpi";
:vpi_module "C:\iverilog\lib\ivl\vhdl_sys.vpi";
:vpi_module "C:\iverilog\lib\ivl\vhdl_textio.vpi";
:vpi_module "C:\iverilog\lib\ivl\v2005_math.vpi";
:vpi_module "C:\iverilog\lib\ivl\va_math.vpi";
S_0000024b0e2c27f0 .scope module, "MuxPCSrc" "MuxPCSrc" 2 1;
 .timescale 0 0;
    .port_info 0 /INPUT 32 "RegAOut";
    .port_info 1 /INPUT 32 "AluResult";
    .port_info 2 /INPUT 32 "IncondJump";
    .port_info 3 /INPUT 32 "RegAluOutOut";
    .port_info 4 /INPUT 32 "RegEPCOut";
    .port_info 5 /INPUT 32 "ExcpCode";
    .port_info 6 /INPUT 3 "PCSrc";
    .port_info 7 /OUTPUT 32 "MuxPCSrcOut";
P_0000024b0e2c2980 .param/l "Ent0" 0 2 16, +C4<00000000000000000000000000000000>;
P_0000024b0e2c29b8 .param/l "Ent1" 0 2 17, +C4<00000000000000000000000000000001>;
P_0000024b0e2c29f0 .param/l "Ent2" 0 2 18, +C4<00000000000000000000000000000010>;
P_0000024b0e2c2a28 .param/l "Ent3" 0 2 19, +C4<00000000000000000000000000000011>;
P_0000024b0e2c2a60 .param/l "Ent4" 0 2 20, +C4<00000000000000000000000000000100>;
P_0000024b0e2c2a98 .param/l "Ent5" 0 2 21, +C4<00000000000000000000000000000101>;
o0000024b0e2f6fd8 .functor BUFZ 32, C4<zzzzzzzzzzzzzzzzzzzzzzzzzzzzzzzz>; HiZ drive
v0000024b0e2c2ae0_0 .net "AluResult", 31 0, o0000024b0e2f6fd8;  0 drivers
o0000024b0e2f7008 .functor BUFZ 32, C4<zzzzzzzzzzzzzzzzzzzzzzzzzzzzzzzz>; HiZ drive
v0000024b0e2c2ed0_0 .net "ExcpCode", 31 0, o0000024b0e2f7008;  0 drivers
o0000024b0e2f7038 .functor BUFZ 32, C4<zzzzzzzzzzzzzzzzzzzzzzzzzzzzzzzz>; HiZ drive
v0000024b0e2abd10_0 .net "IncondJump", 31 0, o0000024b0e2f7038;  0 drivers
v0000024b0e2abdb0_0 .var "MuxPCSrcOut", 31 0;
o0000024b0e2f7098 .functor BUFZ 3, C4<zzz>; HiZ drive
v0000024b0e2abe50_0 .net "PCSrc", 2 0, o0000024b0e2f7098;  0 drivers
o0000024b0e2f70c8 .functor BUFZ 32, C4<zzzzzzzzzzzzzzzzzzzzzzzzzzzzzzzz>; HiZ drive
v0000024b0e2f40a0_0 .net "RegAOut", 31 0, o0000024b0e2f70c8;  0 drivers
o0000024b0e2f70f8 .functor BUFZ 32, C4<zzzzzzzzzzzzzzzzzzzzzzzzzzzzzzzz>; HiZ drive
v0000024b0e2f4140_0 .net "RegAluOutOut", 31 0, o0000024b0e2f70f8;  0 drivers
o0000024b0e2f7128 .functor BUFZ 32, C4<zzzzzzzzzzzzzzzzzzzzzzzzzzzzzzzz>; HiZ drive
v0000024b0e2f41e0_0 .net "RegEPCOut", 31 0, o0000024b0e2f7128;  0 drivers
E_0000024b0e2f6730/0 .event anyedge, v0000024b0e2abe50_0, v0000024b0e2f40a0_0, v0000024b0e2c2ae0_0, v0000024b0e2abd10_0;
E_0000024b0e2f6730/1 .event anyedge, v0000024b0e2f4140_0, v0000024b0e2f41e0_0, v0000024b0e2c2ed0_0;
E_0000024b0e2f6730 .event/or E_0000024b0e2f6730/0, E_0000024b0e2f6730/1;
    .scope S_0000024b0e2c27f0;
T_0 ;
    %wait E_0000024b0e2f6730;
    %load/vec4 v0000024b0e2abe50_0;
    %dup/vec4;
    %pushi/vec4 0, 0, 3;
    %cmp/u;
    %jmp/1 T_0.0, 6;
    %dup/vec4;
    %pushi/vec4 1, 0, 3;
    %cmp/u;
    %jmp/1 T_0.1, 6;
    %dup/vec4;
    %pushi/vec4 2, 0, 3;
    %cmp/u;
    %jmp/1 T_0.2, 6;
    %dup/vec4;
    %pushi/vec4 3, 0, 3;
    %cmp/u;
    %jmp/1 T_0.3, 6;
    %dup/vec4;
    %pushi/vec4 4, 0, 3;
    %cmp/u;
    %jmp/1 T_0.4, 6;
    %dup/vec4;
    %pushi/vec4 5, 0, 3;
    %cmp/u;
    %jmp/1 T_0.5, 6;
    %jmp T_0.6;
T_0.0 ;
    %load/vec4 v0000024b0e2f40a0_0;
    %assign/vec4 v0000024b0e2abdb0_0, 0;
    %jmp T_0.6;
T_0.1 ;
    %load/vec4 v0000024b0e2c2ae0_0;
    %assign/vec4 v0000024b0e2abdb0_0, 0;
    %jmp T_0.6;
T_0.2 ;
    %load/vec4 v0000024b0e2abd10_0;
    %assign/vec4 v0000024b0e2abdb0_0, 0;
    %jmp T_0.6;
T_0.3 ;
    %load/vec4 v0000024b0e2f4140_0;
    %assign/vec4 v0000024b0e2abdb0_0, 0;
    %jmp T_0.6;
T_0.4 ;
    %load/vec4 v0000024b0e2f41e0_0;
    %assign/vec4 v0000024b0e2abdb0_0, 0;
    %jmp T_0.6;
T_0.5 ;
    %load/vec4 v0000024b0e2c2ed0_0;
    %assign/vec4 v0000024b0e2abdb0_0, 0;
    %jmp T_0.6;
T_0.6 ;
    %pop/vec4 1;
    %jmp T_0;
    .thread T_0, $push;
# The file index is used to find the file name in the following table.
:file_names 3;
    "N/A";
    "<interactive>";
    "MuxPCSrc.v";
