#! /c/Source/iverilog-install/bin/vvp
:ivl_version "12.0 (devel)" "(s20150603-1539-g2693dd32b)";
:ivl_delay_selection "TYPICAL";
:vpi_time_precision + 0;
:vpi_module "C:\iverilog\lib\ivl\system.vpi";
:vpi_module "C:\iverilog\lib\ivl\vhdl_sys.vpi";
:vpi_module "C:\iverilog\lib\ivl\vhdl_textio.vpi";
:vpi_module "C:\iverilog\lib\ivl\v2005_math.vpi";
:vpi_module "C:\iverilog\lib\ivl\va_math.vpi";
S_0000026aa07f26e0 .scope module, "MuxRegDst" "MuxRegDst" 2 1;
 .timescale 0 0;
    .port_info 0 /INPUT 5 "RS";
    .port_info 1 /INPUT 5 "RT";
    .port_info 2 /INPUT 5 "RD";
    .port_info 3 /INPUT 3 "RegDst";
    .port_info 4 /OUTPUT 5 "MuxRegDstOut";
P_0000026aa07f2870 .param/l "Ent0" 0 2 13, +C4<00000000000000000000000000000000>;
P_0000026aa07f28a8 .param/l "Ent1" 0 2 14, +C4<00000000000000000000000000000001>;
P_0000026aa07f28e0 .param/l "Ent2" 0 2 15, +C4<00000000000000000000000000000010>;
P_0000026aa07f2918 .param/l "Ent3" 0 2 16, +C4<00000000000000000000000000000011>;
P_0000026aa07f2950 .param/l "Ent4" 0 2 17, +C4<00000000000000000000000000000100>;
v0000026aa07f2ed0_0 .var "MuxRegDstOut", 4 0;
o0000026aa0827008 .functor BUFZ 5, C4<zzzzz>; HiZ drive
v0000026aa07f2990_0 .net "RD", 4 0, o0000026aa0827008;  0 drivers
o0000026aa0827038 .functor BUFZ 5, C4<zzzzz>; HiZ drive
v0000026aa07f2a30_0 .net "RS", 4 0, o0000026aa0827038;  0 drivers
o0000026aa0827068 .functor BUFZ 5, C4<zzzzz>; HiZ drive
v0000026aa07f2ad0_0 .net "RT", 4 0, o0000026aa0827068;  0 drivers
o0000026aa0827098 .functor BUFZ 3, C4<zzz>; HiZ drive
v0000026aa095b930_0 .net "RegDst", 2 0, o0000026aa0827098;  0 drivers
E_0000026aa0826330 .event anyedge, v0000026aa095b930_0, v0000026aa07f2a30_0, v0000026aa07f2ad0_0, v0000026aa07f2990_0;
    .scope S_0000026aa07f26e0;
T_0 ;
    %wait E_0000026aa0826330;
    %load/vec4 v0000026aa095b930_0;
    %dup/vec4;
    %pushi/vec4 0, 0, 3;
    %cmp/u;
    %jmp/1 T_0.0, 6;
    %dup/vec4;
    %pushi/vec4 1, 0, 3;
    %cmp/u;
    %jmp/1 T_0.1, 6;
    %dup/vec4;
    %pushi/vec4 2, 0, 3;
    %cmp/u;
    %jmp/1 T_0.2, 6;
    %dup/vec4;
    %pushi/vec4 3, 0, 3;
    %cmp/u;
    %jmp/1 T_0.3, 6;
    %dup/vec4;
    %pushi/vec4 4, 0, 3;
    %cmp/u;
    %jmp/1 T_0.4, 6;
    %jmp T_0.5;
T_0.0 ;
    %load/vec4 v0000026aa07f2a30_0;
    %assign/vec4 v0000026aa07f2ed0_0, 0;
    %jmp T_0.5;
T_0.1 ;
    %load/vec4 v0000026aa07f2ad0_0;
    %assign/vec4 v0000026aa07f2ed0_0, 0;
    %jmp T_0.5;
T_0.2 ;
    %load/vec4 v0000026aa07f2990_0;
    %assign/vec4 v0000026aa07f2ed0_0, 0;
    %jmp T_0.5;
T_0.3 ;
    %pushi/vec4 29, 0, 5;
    %assign/vec4 v0000026aa07f2ed0_0, 0;
    %jmp T_0.5;
T_0.4 ;
    %pushi/vec4 31, 0, 5;
    %assign/vec4 v0000026aa07f2ed0_0, 0;
    %jmp T_0.5;
T_0.5 ;
    %pop/vec4 1;
    %jmp T_0;
    .thread T_0, $push;
# The file index is used to find the file name in the following table.
:file_names 3;
    "N/A";
    "<interactive>";
    "MuxRegDst.v";
