#! /c/Source/iverilog-install/bin/vvp
:ivl_version "12.0 (devel)" "(s20150603-1539-g2693dd32b)";
:ivl_delay_selection "TYPICAL";
:vpi_time_precision + 0;
:vpi_module "C:\iverilog\lib\ivl\system.vpi";
:vpi_module "C:\iverilog\lib\ivl\vhdl_sys.vpi";
:vpi_module "C:\iverilog\lib\ivl\vhdl_textio.vpi";
:vpi_module "C:\iverilog\lib\ivl\v2005_math.vpi";
:vpi_module "C:\iverilog\lib\ivl\va_math.vpi";
S_00000171f8e06df0 .scope module, "MuxShiftSrc" "MuxShiftSrc" 2 1;
 .timescale 0 0;
    .port_info 0 /INPUT 32 "RegAOut";
    .port_info 1 /INPUT 32 "RegBOut";
    .port_info 2 /INPUT 1 "ShiftSrc";
    .port_info 3 /OUTPUT 32 "MuxSSrcOut";
P_00000171f8dd3110 .param/l "Ent0" 0 2 12, +C4<00000000000000000000000000000000>;
P_00000171f8dd3148 .param/l "Ent1" 0 2 13, +C4<00000000000000000000000000000001>;
v00000171f8dd2ed0_0 .var "MuxSSrcOut", 31 0;
o00000171f8e06fb8 .functor BUFZ 32, C4<zzzzzzzzzzzzzzzzzzzzzzzzzzzzzzzz>; HiZ drive
v00000171f8dd2af0_0 .net "RegAOut", 31 0, o00000171f8e06fb8;  0 drivers
o00000171f8e06fe8 .functor BUFZ 32, C4<zzzzzzzzzzzzzzzzzzzzzzzzzzzzzzzz>; HiZ drive
v00000171f8f2dba0_0 .net "RegBOut", 31 0, o00000171f8e06fe8;  0 drivers
o00000171f8e07018 .functor BUFZ 1, C4<z>; HiZ drive
v00000171f8f2e450_0 .net "ShiftSrc", 0 0, o00000171f8e07018;  0 drivers
E_00000171f8e04a30 .event anyedge, v00000171f8f2e450_0, v00000171f8f2dba0_0, v00000171f8dd2af0_0;
    .scope S_00000171f8e06df0;
T_0 ;
    %wait E_00000171f8e04a30;
    %load/vec4 v00000171f8f2e450_0;
    %dup/vec4;
    %pushi/vec4 0, 0, 1;
    %cmp/u;
    %jmp/1 T_0.0, 6;
    %dup/vec4;
    %pushi/vec4 1, 0, 1;
    %cmp/u;
    %jmp/1 T_0.1, 6;
    %jmp T_0.2;
T_0.0 ;
    %load/vec4 v00000171f8f2dba0_0;
    %assign/vec4 v00000171f8dd2ed0_0, 0;
    %jmp T_0.2;
T_0.1 ;
    %load/vec4 v00000171f8dd2af0_0;
    %assign/vec4 v00000171f8dd2ed0_0, 0;
    %jmp T_0.2;
T_0.2 ;
    %pop/vec4 1;
    %jmp T_0;
    .thread T_0, $push;
# The file index is used to find the file name in the following table.
:file_names 3;
    "N/A";
    "<interactive>";
    "MuxShiftSrc.v";
