#! /c/Source/iverilog-install/bin/vvp
:ivl_version "12.0 (devel)" "(s20150603-1539-g2693dd32b)";
:ivl_delay_selection "TYPICAL";
:vpi_time_precision + 0;
:vpi_module "C:\iverilog\lib\ivl\system.vpi";
:vpi_module "C:\iverilog\lib\ivl\vhdl_sys.vpi";
:vpi_module "C:\iverilog\lib\ivl\vhdl_textio.vpi";
:vpi_module "C:\iverilog\lib\ivl\v2005_math.vpi";
:vpi_module "C:\iverilog\lib\ivl\va_math.vpi";
S_00000277cd0f26e0 .scope module, "MuxShiftAmt" "MuxShiftAmt" 2 1;
 .timescale 0 0;
    .port_info 0 /INPUT 5 "RegBOutC";
    .port_info 1 /INPUT 5 "Shamt";
    .port_info 2 /INPUT 32 "ExtendedOffset";
    .port_info 3 /INPUT 1 "ShiftAmt";
    .port_info 4 /OUTPUT 32 "MuxShiftAmtOut";
P_00000277cd0dee90 .param/l "Ent0" 0 2 14, +C4<00000000000000000000000000000000>;
P_00000277cd0deec8 .param/l "Ent1" 0 2 15, +C4<00000000000000000000000000000001>;
P_00000277cd0def00 .param/l "Ent2" 0 2 16, +C4<00000000000000000000000000000010>;
o00000277cd126fd8 .functor BUFZ 32, C4<zzzzzzzzzzzzzzzzzzzzzzzzzzzzzzzz>; HiZ drive
v00000277cd0f2870_0 .net "ExtendedOffset", 31 0, o00000277cd126fd8;  0 drivers
v00000277cd0f2910_0 .var "MuxShiftAmtOut", 31 0;
o00000277cd127038 .functor BUFZ 5, C4<zzzzz>; HiZ drive
v00000277cd0f29b0_0 .net "RegBOutC", 4 0, o00000277cd127038;  0 drivers
o00000277cd127068 .functor BUFZ 5, C4<zzzzz>; HiZ drive
v00000277cd0f2a50_0 .net "Shamt", 4 0, o00000277cd127068;  0 drivers
o00000277cd127098 .functor BUFZ 1, C4<z>; HiZ drive
v00000277cd0f2af0_0 .net "ShiftAmt", 0 0, o00000277cd127098;  0 drivers
E_00000277cd125fb0 .event anyedge, v00000277cd0f2af0_0, v00000277cd0f29b0_0, v00000277cd0f2a50_0, v00000277cd0f2870_0;
    .scope S_00000277cd0f26e0;
T_0 ;
    %wait E_00000277cd125fb0;
    %load/vec4 v00000277cd0f2af0_0;
    %pad/u 2;
    %dup/vec4;
    %pushi/vec4 0, 0, 2;
    %cmp/u;
    %jmp/1 T_0.0, 6;
    %dup/vec4;
    %pushi/vec4 1, 0, 2;
    %cmp/u;
    %jmp/1 T_0.1, 6;
    %dup/vec4;
    %pushi/vec4 2, 0, 2;
    %cmp/u;
    %jmp/1 T_0.2, 6;
    %jmp T_0.3;
T_0.0 ;
    %load/vec4 v00000277cd0f29b0_0;
    %pad/u 32;
    %assign/vec4 v00000277cd0f2910_0, 0;
    %jmp T_0.3;
T_0.1 ;
    %load/vec4 v00000277cd0f2a50_0;
    %pad/u 32;
    %assign/vec4 v00000277cd0f2910_0, 0;
    %jmp T_0.3;
T_0.2 ;
    %load/vec4 v00000277cd0f2870_0;
    %assign/vec4 v00000277cd0f2910_0, 0;
    %jmp T_0.3;
T_0.3 ;
    %pop/vec4 1;
    %jmp T_0;
    .thread T_0, $push;
# The file index is used to find the file name in the following table.
:file_names 3;
    "N/A";
    "<interactive>";
    "MuxShiftAmt.v";
