#! /c/Source/iverilog-install/bin/vvp
:ivl_version "12.0 (devel)" "(s20150603-1539-g2693dd32b)";
:ivl_delay_selection "TYPICAL";
:vpi_time_precision + 0;
:vpi_module "C:\iverilog\lib\ivl\system.vpi";
:vpi_module "C:\iverilog\lib\ivl\vhdl_sys.vpi";
:vpi_module "C:\iverilog\lib\ivl\vhdl_textio.vpi";
:vpi_module "C:\iverilog\lib\ivl\v2005_math.vpi";
:vpi_module "C:\iverilog\lib\ivl\va_math.vpi";
S_000002b0ea5d26e0 .scope module, "Div" "Div" 2 1;
 .timescale 0 0;
    .port_info 0 /INPUT 32 "RegAOut";
    .port_info 1 /INPUT 32 "RegBOut";
    .port_info 2 /INPUT 1 "clock";
    .port_info 3 /INPUT 1 "reset";
    .port_info 4 /OUTPUT 1 "div0";
    .port_info 5 /INPUT 1 "divCtrl";
    .port_info 6 /OUTPUT 1 "divDone";
    .port_info 7 /OUTPUT 32 "DivHIOut";
    .port_info 8 /OUTPUT 32 "DivLOOut";
v000002b0ea77be80_0 .var/s "AuxA", 31 0;
v000002b0ea5d2870_0 .var/s "AuxB", 31 0;
v000002b0ea5d2910_0 .var/s "Counter", 31 0;
v000002b0ea5d29b0_0 .var "DivHIOut", 31 0;
v000002b0ea5d2a50_0 .var "DivLOOut", 31 0;
o000002b0ea610098 .functor BUFZ 32, C4<zzzzzzzzzzzzzzzzzzzzzzzzzzzzzzzz>; HiZ drive
v000002b0ea6028a0_0 .net "RegAOut", 31 0, o000002b0ea610098;  0 drivers
o000002b0ea6100c8 .functor BUFZ 32, C4<zzzzzzzzzzzzzzzzzzzzzzzzzzzzzzzz>; HiZ drive
v000002b0ea602940_0 .net "RegBOut", 31 0, o000002b0ea6100c8;  0 drivers
o000002b0ea6100f8 .functor BUFZ 1, C4<z>; HiZ drive
v000002b0ea6029e0_0 .net "clock", 0 0, o000002b0ea6100f8;  0 drivers
v000002b0ea602a80_0 .var "div0", 0 0;
o000002b0ea610158 .functor BUFZ 1, C4<z>; HiZ drive
v000002b0ea602b20_0 .net "divCtrl", 0 0, o000002b0ea610158;  0 drivers
v000002b0ea602bc0_0 .var "divDone", 0 0;
v000002b0ea602c60_0 .var "initialize", 0 0;
o000002b0ea6101e8 .functor BUFZ 1, C4<z>; HiZ drive
v000002b0ea602d00_0 .net "reset", 0 0, o000002b0ea6101e8;  0 drivers
v000002b0ea602da0_0 .var "signA", 0 0;
v000002b0ea603610_0 .var "signB", 0 0;
E_000002b0ea778510 .event posedge, v000002b0ea6029e0_0;
    .scope S_000002b0ea5d26e0;
T_0 ;
    %pushi/vec4 1, 0, 1;
    %store/vec4 v000002b0ea602c60_0, 0, 1;
    %end;
    .thread T_0;
    .scope S_000002b0ea5d26e0;
T_1 ;
    %wait E_000002b0ea778510;
    %load/vec4 v000002b0ea602c60_0;
    %flag_set/vec4 9;
    %flag_get/vec4 9;
    %jmp/0 T_1.2, 9;
    %load/vec4 v000002b0ea602b20_0;
    %and;
T_1.2;
    %flag_set/vec4 8;
    %jmp/0xz  T_1.0, 8;
    %pushi/vec4 0, 0, 1;
    %store/vec4 v000002b0ea602c60_0, 0, 1;
    %pushi/vec4 0, 0, 32;
    %store/vec4 v000002b0ea5d2910_0, 0, 32;
    %pushi/vec4 0, 0, 32;
    %store/vec4 v000002b0ea5d29b0_0, 0, 32;
    %pushi/vec4 0, 0, 32;
    %store/vec4 v000002b0ea5d2a50_0, 0, 32;
    %pushi/vec4 0, 0, 1;
    %store/vec4 v000002b0ea602a80_0, 0, 1;
    %pushi/vec4 0, 0, 1;
    %store/vec4 v000002b0ea602bc0_0, 0, 1;
    %load/vec4 v000002b0ea6028a0_0;
    %parti/s 1, 31, 6;
    %pushi/vec4 1, 0, 1;
    %cmp/e;
    %flag_get/vec4 4;
    %store/vec4 v000002b0ea602da0_0, 0, 1;
    %load/vec4 v000002b0ea602940_0;
    %parti/s 1, 31, 6;
    %pushi/vec4 1, 0, 1;
    %cmp/e;
    %flag_get/vec4 4;
    %store/vec4 v000002b0ea603610_0, 0, 1;
    %load/vec4 v000002b0ea602da0_0;
    %flag_set/vec4 8;
    %jmp/0 T_1.3, 8;
    %load/vec4 v000002b0ea6028a0_0;
    %inv;
    %addi 1, 0, 32;
    %jmp/1 T_1.4, 8;
T_1.3 ; End of true expr.
    %load/vec4 v000002b0ea6028a0_0;
    %jmp/0 T_1.4, 8;
 ; End of false expr.
    %blend;
T_1.4;
    %store/vec4 v000002b0ea77be80_0, 0, 32;
    %load/vec4 v000002b0ea603610_0;
    %flag_set/vec4 8;
    %jmp/0 T_1.5, 8;
    %load/vec4 v000002b0ea602940_0;
    %inv;
    %addi 1, 0, 32;
    %jmp/1 T_1.6, 8;
T_1.5 ; End of true expr.
    %load/vec4 v000002b0ea602940_0;
    %jmp/0 T_1.6, 8;
 ; End of false expr.
    %blend;
T_1.6;
    %store/vec4 v000002b0ea5d2870_0, 0, 32;
    %jmp T_1.1;
T_1.0 ;
    %load/vec4 v000002b0ea602b20_0;
    %flag_set/vec4 8;
    %jmp/0xz  T_1.7, 8;
    %load/vec4 v000002b0ea77be80_0;
    %load/vec4 v000002b0ea5d2870_0;
    %cmp/s;
    %jmp/0xz  T_1.9, 5;
    %load/vec4 v000002b0ea602da0_0;
    %flag_set/vec4 8;
    %jmp/0 T_1.11, 8;
    %load/vec4 v000002b0ea77be80_0;
    %inv;
    %addi 1, 0, 32;
    %jmp/1 T_1.12, 8;
T_1.11 ; End of true expr.
    %load/vec4 v000002b0ea77be80_0;
    %jmp/0 T_1.12, 8;
 ; End of false expr.
    %blend;
T_1.12;
    %store/vec4 v000002b0ea5d29b0_0, 0, 32;
    %load/vec4 v000002b0ea602da0_0;
    %flag_set/vec4 8;
    %jmp/1 T_1.15, 8;
    %load/vec4 v000002b0ea603610_0;
    %flag_set/vec4 9;
    %flag_or 8, 9;
T_1.15;
    %jmp/0xz  T_1.13, 8;
    %load/vec4 v000002b0ea602da0_0;
    %load/vec4 v000002b0ea603610_0;
    %xor;
    %flag_set/vec4 8;
    %jmp/0 T_1.16, 8;
    %load/vec4 v000002b0ea5d2910_0;
    %inv;
    %addi 1, 0, 32;
    %jmp/1 T_1.17, 8;
T_1.16 ; End of true expr.
    %load/vec4 v000002b0ea5d2910_0;
    %jmp/0 T_1.17, 8;
 ; End of false expr.
    %blend;
T_1.17;
    %store/vec4 v000002b0ea5d2a50_0, 0, 32;
    %jmp T_1.14;
T_1.13 ;
    %load/vec4 v000002b0ea5d2910_0;
    %store/vec4 v000002b0ea5d2a50_0, 0, 32;
T_1.14 ;
T_1.9 ;
    %pushi/vec4 1, 0, 1;
    %store/vec4 v000002b0ea602bc0_0, 0, 1;
    %jmp T_1.8;
T_1.7 ;
    %pushi/vec4 1, 0, 1;
    %store/vec4 v000002b0ea602c60_0, 0, 1;
T_1.8 ;
T_1.1 ;
    %load/vec4 v000002b0ea602d00_0;
    %flag_set/vec4 8;
    %jmp/0xz  T_1.18, 8;
    %pushi/vec4 0, 0, 32;
    %store/vec4 v000002b0ea5d2910_0, 0, 32;
    %pushi/vec4 1, 0, 1;
    %store/vec4 v000002b0ea602c60_0, 0, 1;
    %pushi/vec4 0, 0, 32;
    %store/vec4 v000002b0ea5d29b0_0, 0, 32;
    %pushi/vec4 0, 0, 32;
    %store/vec4 v000002b0ea5d2a50_0, 0, 32;
    %pushi/vec4 0, 0, 1;
    %store/vec4 v000002b0ea602a80_0, 0, 1;
    %pushi/vec4 0, 0, 32;
    %store/vec4 v000002b0ea77be80_0, 0, 32;
    %pushi/vec4 0, 0, 32;
    %store/vec4 v000002b0ea5d2870_0, 0, 32;
    %pushi/vec4 0, 0, 1;
    %store/vec4 v000002b0ea602bc0_0, 0, 1;
    %pushi/vec4 0, 0, 1;
    %store/vec4 v000002b0ea602da0_0, 0, 1;
    %pushi/vec4 0, 0, 1;
    %store/vec4 v000002b0ea603610_0, 0, 1;
T_1.18 ;
    %jmp T_1;
    .thread T_1;
# The file index is used to find the file name in the following table.
:file_names 3;
    "N/A";
    "<interactive>";
    "Div.v";
