#! /c/Source/iverilog-install/bin/vvp
:ivl_version "12.0 (devel)" "(s20150603-1539-g2693dd32b)";
:ivl_delay_selection "TYPICAL";
:vpi_time_precision + 0;
:vpi_module "C:\iverilog\lib\ivl\system.vpi";
:vpi_module "C:\iverilog\lib\ivl\vhdl_sys.vpi";
:vpi_module "C:\iverilog\lib\ivl\vhdl_textio.vpi";
:vpi_module "C:\iverilog\lib\ivl\v2005_math.vpi";
:vpi_module "C:\iverilog\lib\ivl\va_math.vpi";
S_000001f419f827f0 .scope module, "LoadFunct" "LoadFunct" 2 1;
 .timescale 0 0;
    .port_info 0 /INPUT 16 "Offset";
    .port_info 1 /OUTPUT 6 "Funct";
v000001f419f82ed0_0 .var "Funct", 5 0;
o000001f419fb6ab8 .functor BUFZ 16, C4<zzzzzzzzzzzzzzzz>; HiZ drive
v000001f419f82980_0 .net "Offset", 15 0, o000001f419fb6ab8;  0 drivers
E_000001f419fb50a0 .event anyedge, v000001f419f82980_0;
    .scope S_000001f419f827f0;
T_0 ;
    %wait E_000001f419fb50a0;
    %load/vec4 v000001f419f82980_0;
    %parti/s 6, 0, 2;
    %assign/vec4 v000001f419f82ed0_0, 0;
    %jmp T_0;
    .thread T_0, $push;
# The file index is used to find the file name in the following table.
:file_names 3;
    "N/A";
    "<interactive>";
    "LoadFunct.v";
