#! /c/Source/iverilog-install/bin/vvp
:ivl_version "12.0 (devel)" "(s20150603-1539-g2693dd32b)";
:ivl_delay_selection "TYPICAL";
:vpi_time_precision + 0;
:vpi_module "C:\iverilog\lib\ivl\system.vpi";
:vpi_module "C:\iverilog\lib\ivl\vhdl_sys.vpi";
:vpi_module "C:\iverilog\lib\ivl\vhdl_textio.vpi";
:vpi_module "C:\iverilog\lib\ivl\v2005_math.vpi";
:vpi_module "C:\iverilog\lib\ivl\va_math.vpi";
S_00000241a051ecc0 .scope module, "LoadSize" "LoadSize" 2 1;
 .timescale 0 0;
    .port_info 0 /INPUT 32 "RegMDROut";
    .port_info 1 /INPUT 2 "LSCtrl";
    .port_info 2 /OUTPUT 32 "LSCtrlOut";
P_00000241a051ee50 .param/l "Ent0" 0 2 11, +C4<00000000000000000000000000000000>;
P_00000241a051ee88 .param/l "Ent1" 0 2 12, +C4<00000000000000000000000000000001>;
P_00000241a051eec0 .param/l "Ent2" 0 2 13, +C4<00000000000000000000000000000010>;
o00000241a03a6fa8 .functor BUFZ 2, C4<zz>; HiZ drive
v00000241a0372ef0_0 .net "LSCtrl", 1 0, o00000241a03a6fa8;  0 drivers
v00000241a0372ae0_0 .var "LSCtrlOut", 31 0;
o00000241a03a7008 .functor BUFZ 32, C4<zzzzzzzzzzzzzzzzzzzzzzzzzzzzzzzz>; HiZ drive
v00000241a051ef00_0 .net "RegMDROut", 31 0, o00000241a03a7008;  0 drivers
E_00000241a051c850 .event anyedge, v00000241a0372ef0_0, v00000241a051ef00_0;
    .scope S_00000241a051ecc0;
T_0 ;
    %wait E_00000241a051c850;
    %load/vec4 v00000241a0372ef0_0;
    %dup/vec4;
    %pushi/vec4 0, 0, 2;
    %cmp/u;
    %jmp/1 T_0.0, 6;
    %dup/vec4;
    %pushi/vec4 1, 0, 2;
    %cmp/u;
    %jmp/1 T_0.1, 6;
    %dup/vec4;
    %pushi/vec4 2, 0, 2;
    %cmp/u;
    %jmp/1 T_0.2, 6;
    %jmp T_0.3;
T_0.0 ;
    %load/vec4 v00000241a051ef00_0;
    %assign/vec4 v00000241a0372ae0_0, 0;
    %jmp T_0.3;
T_0.1 ;
    %pushi/vec4 0, 0, 16;
    %load/vec4 v00000241a051ef00_0;
    %parti/s 16, 0, 2;
    %concat/vec4; draw_concat_vec4
    %assign/vec4 v00000241a0372ae0_0, 0;
    %jmp T_0.3;
T_0.2 ;
    %pushi/vec4 0, 0, 24;
    %load/vec4 v00000241a051ef00_0;
    %parti/s 8, 0, 2;
    %concat/vec4; draw_concat_vec4
    %assign/vec4 v00000241a0372ae0_0, 0;
    %jmp T_0.3;
T_0.3 ;
    %pop/vec4 1;
    %jmp T_0;
    .thread T_0, $push;
# The file index is used to find the file name in the following table.
:file_names 3;
    "N/A";
    "<interactive>";
    "LoadSize.v";
