#! /c/Source/iverilog-install/bin/vvp
:ivl_version "12.0 (devel)" "(s20150603-1539-g2693dd32b)";
:ivl_delay_selection "TYPICAL";
:vpi_time_precision + 0;
:vpi_module "C:\iverilog\lib\ivl\system.vpi";
:vpi_module "C:\iverilog\lib\ivl\vhdl_sys.vpi";
:vpi_module "C:\iverilog\lib\ivl\vhdl_textio.vpi";
:vpi_module "C:\iverilog\lib\ivl\v2005_math.vpi";
:vpi_module "C:\iverilog\lib\ivl\va_math.vpi";
S_000001216bd226e0 .scope module, "Mult" "Mult" 2 1;
 .timescale 0 0;
    .port_info 0 /INPUT 32 "RegAOut";
    .port_info 1 /INPUT 32 "RegBOut";
    .port_info 2 /INPUT 1 "clock";
    .port_info 3 /INPUT 1 "reset";
    .port_info 4 /INPUT 1 "MultCtrl";
    .port_info 5 /OUTPUT 1 "MultDone";
    .port_info 6 /OUTPUT 32 "MultHIOut";
    .port_info 7 /OUTPUT 32 "MultLOOut";
o000001216bd5cfd8 .functor BUFZ 1, C4<z>; HiZ drive
v000001216bd22eb0_0 .net "MultCtrl", 0 0, o000001216bd5cfd8;  0 drivers
v000001216befbe90_0 .var "MultDone", 0 0;
v000001216bd22870_0 .var "MultHIOut", 31 0;
v000001216bd22910_0 .var "MultLOOut", 31 0;
v000001216bd229b0_0 .var/s "Multiplier", 64 0;
v000001216bd22a50_0 .var/s "NegativeBTemp", 31 0;
o000001216bd5d0f8 .functor BUFZ 32, C4<zzzzzzzzzzzzzzzzzzzzzzzzzzzzzzzz>; HiZ drive
v000001216bd530d0_0 .net "RegAOut", 31 0, o000001216bd5d0f8;  0 drivers
o000001216bd5d128 .functor BUFZ 32, C4<zzzzzzzzzzzzzzzzzzzzzzzzzzzzzzzz>; HiZ drive
v000001216bd53170_0 .net "RegBOut", 31 0, o000001216bd5d128;  0 drivers
v000001216bd53210_0 .var/s "Temp", 64 0;
v000001216bd532b0_0 .var/s "amcp", 64 0;
o000001216bd5d1b8 .functor BUFZ 1, C4<z>; HiZ drive
v000001216bd53350_0 .net "clock", 0 0, o000001216bd5d1b8;  0 drivers
v000001216bd533f0_0 .var "counter", 6 0;
v000001216bd53490_0 .var "initialize", 0 0;
o000001216bd5d248 .functor BUFZ 1, C4<z>; HiZ drive
v000001216bd53530_0 .net "reset", 0 0, o000001216bd5d248;  0 drivers
E_000001216bef90e0 .event posedge, v000001216bd53350_0;
    .scope S_000001216bd226e0;
T_0 ;
    %pushi/vec4 1, 0, 1;
    %store/vec4 v000001216bd53490_0, 0, 1;
    %end;
    .thread T_0;
    .scope S_000001216bd226e0;
T_1 ;
    %wait E_000001216bef90e0;
    %load/vec4 v000001216bd53530_0;
    %flag_set/vec4 8;
    %jmp/0xz  T_1.0, 8;
    %pushi/vec4 0, 0, 65;
    %store/vec4 v000001216bd532b0_0, 0, 65;
    %pushi/vec4 0, 0, 65;
    %store/vec4 v000001216bd229b0_0, 0, 65;
    %pushi/vec4 0, 0, 7;
    %store/vec4 v000001216bd533f0_0, 0, 7;
    %pushi/vec4 1, 0, 1;
    %store/vec4 v000001216bd53490_0, 0, 1;
    %pushi/vec4 0, 0, 32;
    %store/vec4 v000001216bd22a50_0, 0, 32;
    %pushi/vec4 0, 0, 65;
    %store/vec4 v000001216bd53210_0, 0, 65;
    %pushi/vec4 0, 0, 1;
    %store/vec4 v000001216befbe90_0, 0, 1;
    %pushi/vec4 0, 0, 32;
    %store/vec4 v000001216bd22870_0, 0, 32;
    %pushi/vec4 0, 0, 32;
    %store/vec4 v000001216bd22910_0, 0, 32;
    %jmp T_1.1;
T_1.0 ;
    %load/vec4 v000001216bd22eb0_0;
    %flag_set/vec4 9;
    %flag_get/vec4 9;
    %jmp/0 T_1.4, 9;
    %load/vec4 v000001216bd53490_0;
    %and;
T_1.4;
    %flag_set/vec4 8;
    %jmp/0xz  T_1.2, 8;
    %pushi/vec4 0, 0, 32;
    %load/vec4 v000001216bd530d0_0;
    %concat/vec4; draw_concat_vec4
    %concati/vec4 0, 0, 1;
    %store/vec4 v000001216bd532b0_0, 0, 65;
    %load/vec4 v000001216bd53170_0;
    %concati/vec4 0, 0, 33;
    %store/vec4 v000001216bd229b0_0, 0, 65;
    %load/vec4 v000001216bd53170_0;
    %inv;
    %addi 1, 0, 32;
    %store/vec4 v000001216bd22a50_0, 0, 32;
    %load/vec4 v000001216bd22a50_0;
    %concati/vec4 0, 0, 33;
    %store/vec4 v000001216bd53210_0, 0, 65;
    %pushi/vec4 0, 0, 7;
    %store/vec4 v000001216bd533f0_0, 0, 7;
    %pushi/vec4 0, 0, 1;
    %store/vec4 v000001216befbe90_0, 0, 1;
    %pushi/vec4 0, 0, 1;
    %store/vec4 v000001216bd53490_0, 0, 1;
    %jmp T_1.3;
T_1.2 ;
    %load/vec4 v000001216bd22eb0_0;
    %flag_set/vec4 8;
    %jmp/0xz  T_1.5, 8;
    %load/vec4 v000001216bd533f0_0;
    %cmpi/u 32, 0, 7;
    %jmp/0xz  T_1.7, 5;
    %load/vec4 v000001216bd532b0_0;
    %parti/s 1, 1, 2;
    %load/vec4 v000001216bd532b0_0;
    %parti/s 1, 0, 2;
    %cmp/ne;
    %jmp/0xz  T_1.9, 4;
    %load/vec4 v000001216bd532b0_0;
    %parti/s 1, 1, 2;
    %flag_set/vec4 8;
    %jmp/0 T_1.11, 8;
    %load/vec4 v000001216bd532b0_0;
    %load/vec4 v000001216bd53210_0;
    %add;
    %jmp/1 T_1.12, 8;
T_1.11 ; End of true expr.
    %load/vec4 v000001216bd532b0_0;
    %load/vec4 v000001216bd229b0_0;
    %add;
    %jmp/0 T_1.12, 8;
 ; End of false expr.
    %blend;
T_1.12;
    %store/vec4 v000001216bd532b0_0, 0, 65;
T_1.9 ;
    %load/vec4 v000001216bd532b0_0;
    %ix/load 4, 1, 0;
    %flag_set/imm 4, 0;
    %shiftr/s 4;
    %store/vec4 v000001216bd532b0_0, 0, 65;
    %load/vec4 v000001216bd533f0_0;
    %addi 1, 0, 7;
    %store/vec4 v000001216bd533f0_0, 0, 7;
    %jmp T_1.8;
T_1.7 ;
    %load/vec4 v000001216bd533f0_0;
    %cmpi/e 32, 0, 7;
    %jmp/0xz  T_1.13, 4;
    %load/vec4 v000001216bd532b0_0;
    %parti/s 32, 33, 7;
    %store/vec4 v000001216bd22870_0, 0, 32;
    %load/vec4 v000001216bd532b0_0;
    %parti/s 32, 1, 2;
    %store/vec4 v000001216bd22910_0, 0, 32;
    %pushi/vec4 1, 0, 1;
    %store/vec4 v000001216befbe90_0, 0, 1;
    %pushi/vec4 1, 0, 1;
    %store/vec4 v000001216bd53490_0, 0, 1;
T_1.13 ;
T_1.8 ;
T_1.5 ;
T_1.3 ;
T_1.1 ;
    %jmp T_1;
    .thread T_1;
# The file index is used to find the file name in the following table.
:file_names 3;
    "N/A";
    "<interactive>";
    "Mult.v";
