#! /c/Source/iverilog-install/bin/vvp
:ivl_version "12.0 (devel)" "(s20150603-1539-g2693dd32b)";
:ivl_delay_selection "TYPICAL";
:vpi_time_precision + 0;
:vpi_module "C:\iverilog\lib\ivl\system.vpi";
:vpi_module "C:\iverilog\lib\ivl\vhdl_sys.vpi";
:vpi_module "C:\iverilog\lib\ivl\vhdl_textio.vpi";
:vpi_module "C:\iverilog\lib\ivl\v2005_math.vpi";
:vpi_module "C:\iverilog\lib\ivl\va_math.vpi";
S_000001fdc8cd6c30 .scope module, "ShiftLeft2" "ShiftLeft2" 2 1;
 .timescale 0 0;
    .port_info 0 /INPUT 32 "Ent0";
    .port_info 1 /OUTPUT 32 "EntLeft2";
o000001fdc8cd6dc8 .functor BUFZ 32, C4<zzzzzzzzzzzzzzzzzzzzzzzzzzzzzzzz>; HiZ drive
v000001fdc8ca2ed0_0 .net "Ent0", 31 0, o000001fdc8cd6dc8;  0 drivers
v000001fdc8ca2ae0_0 .var "EntLeft2", 31 0;
E_000001fdc8cd50e0 .event anyedge, v000001fdc8ca2ed0_0;
    .scope S_000001fdc8cd6c30;
T_0 ;
    %wait E_000001fdc8cd50e0;
    %load/vec4 v000001fdc8ca2ed0_0;
    %ix/load 4, 2, 0;
    %flag_set/imm 4, 0;
    %shiftl 4;
    %assign/vec4 v000001fdc8ca2ae0_0, 0;
    %jmp T_0;
    .thread T_0, $push;
# The file index is used to find the file name in the following table.
:file_names 3;
    "N/A";
    "<interactive>";
    "ShiftLeft2.v";
