#! /c/Source/iverilog-install/bin/vvp
:ivl_version "12.0 (devel)" "(s20150603-1539-g2693dd32b)";
:ivl_delay_selection "TYPICAL";
:vpi_time_precision + 0;
:vpi_module "C:\iverilog\lib\ivl\system.vpi";
:vpi_module "C:\iverilog\lib\ivl\vhdl_sys.vpi";
:vpi_module "C:\iverilog\lib\ivl\vhdl_textio.vpi";
:vpi_module "C:\iverilog\lib\ivl\v2005_math.vpi";
:vpi_module "C:\iverilog\lib\ivl\va_math.vpi";
S_000001583f4eed80 .scope module, "StoreSize" "StoreSize" 2 1;
 .timescale 0 0;
    .port_info 0 /INPUT 32 "RegBOut";
    .port_info 1 /INPUT 32 "RegMDROut";
    .port_info 2 /INPUT 2 "VMCtrl";
    .port_info 3 /OUTPUT 32 "VMCtrlOut";
P_000001583f4eef10 .param/l "Ent0" 0 2 12, +C4<00000000000000000000000000000000>;
P_000001583f4eef48 .param/l "Ent1" 0 2 13, +C4<00000000000000000000000000000001>;
P_000001583f4eef80 .param/l "Ent2" 0 2 14, +C4<00000000000000000000000000000010>;
o000001583f536fb8 .functor BUFZ 32, C4<zzzzzzzzzzzzzzzzzzzzzzzzzzzzzzzz>; HiZ drive
v000001583f502ed0_0 .net "RegBOut", 31 0, o000001583f536fb8;  0 drivers
o000001583f536fe8 .functor BUFZ 32, C4<zzzzzzzzzzzzzzzzzzzzzzzzzzzzzzzz>; HiZ drive
v000001583f502ae0_0 .net "RegMDROut", 31 0, o000001583f536fe8;  0 drivers
o000001583f537018 .functor BUFZ 2, C4<zz>; HiZ drive
v000001583f4eb780_0 .net "VMCtrl", 1 0, o000001583f537018;  0 drivers
v000001583f4eb820_0 .var "VMCtrlOut", 31 0;
E_000001583f5363f0 .event anyedge, v000001583f4eb780_0, v000001583f502ed0_0, v000001583f502ae0_0;
    .scope S_000001583f4eed80;
T_0 ;
    %wait E_000001583f5363f0;
    %load/vec4 v000001583f4eb780_0;
    %dup/vec4;
    %pushi/vec4 0, 0, 2;
    %cmp/u;
    %jmp/1 T_0.0, 6;
    %dup/vec4;
    %pushi/vec4 1, 0, 2;
    %cmp/u;
    %jmp/1 T_0.1, 6;
    %dup/vec4;
    %pushi/vec4 2, 0, 2;
    %cmp/u;
    %jmp/1 T_0.2, 6;
    %jmp T_0.3;
T_0.0 ;
    %load/vec4 v000001583f502ed0_0;
    %assign/vec4 v000001583f4eb820_0, 0;
    %jmp T_0.3;
T_0.1 ;
    %load/vec4 v000001583f502ae0_0;
    %parti/s 16, 16, 6;
    %load/vec4 v000001583f502ed0_0;
    %parti/s 16, 0, 2;
    %concat/vec4; draw_concat_vec4
    %assign/vec4 v000001583f4eb820_0, 0;
    %jmp T_0.3;
T_0.2 ;
    %load/vec4 v000001583f502ae0_0;
    %parti/s 24, 8, 5;
    %load/vec4 v000001583f502ed0_0;
    %parti/s 8, 0, 2;
    %concat/vec4; draw_concat_vec4
    %assign/vec4 v000001583f4eb820_0, 0;
    %jmp T_0.3;
T_0.3 ;
    %pop/vec4 1;
    %jmp T_0;
    .thread T_0, $push;
# The file index is used to find the file name in the following table.
:file_names 3;
    "N/A";
    "<interactive>";
    "StoreSize.v";
